# JRE version: OpenJDK Runtime Environment (8.0_91-b14) (build 1.8.0_91-8u91-b14-0ubuntu4~16.04.1-b14)
# Java VM: OpenJDK 64-Bit Server VM (25.91-b14 mixed mode linux-amd64 compressed oops)
Heap:
 PSYoungGen      total 3285504K, used 64K [0x00000006ef500000, 0x00000007b7e00000, 0x00000007c0000000)
  eden space 3284992K, 0% used [0x00000006ef500000,0x00000006ef500000,0x00000007b7d00000)
  from space 512K, 12% used [0x00000007b7d00000,0x00000007b7d10000,0x00000007b7d80000)
  to   space 512K, 0% used [0x00000007b7d80000,0x00000007b7d80000,0x00000007b7e00000)
 ParOldGen       total 429056K, used 2439K [0x000000054de00000, 0x0000000568100000, 0x00000006ef500000)
  object space 429056K, 0% used [0x000000054de00000,0x000000054e061db0,0x0000000568100000)
 Metaspace       used 5611K, capacity 5772K, committed 6016K, reserved 1056768K
  class space    used 567K, capacity 600K, committed 640K, reserved 1048576K
GC Heap History (10 events):
Event: 122,694 GC heap after
Heap after GC invocations=162 (full 0):
 PSYoungGen      total 2281472K, used 32K [0x00000006ef500000, 0x000000078b200000, 0x00000007c0000000)
  eden space 2280960K, 0% used [0x00000006ef500000,0x00000006ef500000,0x000000077a880000)
  from space 512K, 6% used [0x000000078b180000,0x000000078b188000,0x000000078b200000)
  to   space 512K, 0% used [0x000000078b100000,0x000000078b100000,0x000000078b180000)
 ParOldGen       total 429056K, used 2389K [0x000000054de00000, 0x0000000568100000, 0x00000006ef500000)
  object space 429056K, 0% used [0x000000054de00000,0x000000054e0555a0,0x0000000568100000)
 Metaspace       used 5611K, capacity 5772K, committed 6016K, reserved 1056768K
  class space    used 567K, capacity 600K, committed 640K, reserved 1048576K
}
Event: 124,555 GC heap before
{Heap before GC invocations=163 (full 0):
 PSYoungGen      total 2281472K, used 2280992K [0x00000006ef500000, 0x000000078b200000, 0x00000007c0000000)
  eden space 2280960K, 100% used [0x00000006ef500000,0x000000077a880000,0x000000077a880000)
  from space 512K, 6% used [0x000000078b180000,0x000000078b188000,0x000000078b200000)
  to   space 512K, 0% used [0x000000078b100000,0x000000078b100000,0x000000078b180000)
 ParOldGen       total 429056K, used 2389K [0x000000054de00000, 0x0000000568100000, 0x00000006ef500000)
  object space 429056K, 0% used [0x000000054de00000,0x000000054e0555a0,0x0000000568100000)
 Metaspace       used 5611K, capacity 5772K, committed 6016K, reserved 1056768K
  class space    used 567K, capacity 600K, committed 640K, reserved 1048576K
Event: 124,602 GC heap after
Heap after GC invocations=163 (full 0):
 PSYoungGen      total 2552320K, used 64K [0x00000006ef500000, 0x0000000796700000, 0x00000007c0000000)
  eden space 2551808K, 0% used [0x00000006ef500000,0x00000006ef500000,0x000000078b100000)
  from space 512K, 12% used [0x000000078b100000,0x000000078b110000,0x000000078b180000)
  to   space 512K, 0% used [0x0000000796680000,0x0000000796680000,0x0000000796700000)
 ParOldGen       total 429056K, used 2397K [0x000000054de00000, 0x0000000568100000, 0x00000006ef500000)
  object space 429056K, 0% used [0x000000054de00000,0x000000054e0575a0,0x0000000568100000)
 Metaspace       used 5611K, capacity 5772K, committed 6016K, reserved 1056768K
  class space    used 567K, capacity 600K, committed 640K, reserved 1048576K
}
Event: 126,623 GC heap before
{Heap before GC invocations=164 (full 0):
 PSYoungGen      total 2552320K, used 2551872K [0x00000006ef500000, 0x0000000796700000, 0x00000007c0000000)
  eden space 2551808K, 100% used [0x00000006ef500000,0x000000078b100000,0x000000078b100000)
  from space 512K, 12% used [0x000000078b100000,0x000000078b110000,0x000000078b180000)
  to   space 512K, 0% used [0x0000000796680000,0x0000000796680000,0x0000000796700000)
 ParOldGen       total 429056K, used 2397K [0x000000054de00000, 0x0000000568100000, 0x00000006ef500000)
  object space 429056K, 0% used [0x000000054de00000,0x000000054e0575a0,0x0000000568100000)
 Metaspace       used 5611K, capacity 5772K, committed 6016K, reserved 1056768K
  class space    used 567K, capacity 600K, committed 640K, reserved 1048576K
Event: 126,657 GC heap after
Heap after GC invocations=164 (full 0):
 PSYoungGen      total 2737664K, used 32K [0x00000006ef500000, 0x00000007aa480000, 0x00000007c0000000)
  eden space 2737152K, 0% used [0x00000006ef500000,0x00000006ef500000,0x0000000796600000)
  from space 512K, 6% used [0x0000000796680000,0x0000000796688000,0x0000000796700000)
  to   space 512K, 0% used [0x0000000796600000,0x0000000796600000,0x0000000796680000)
 ParOldGen       total 429056K, used 2405K [0x000000054de00000, 0x0000000568100000, 0x00000006ef500000)
  object space 429056K, 0% used [0x000000054de00000,0x000000054e0595a0,0x0000000568100000)
 Metaspace       used 5611K, capacity 5772K, committed 6016K, reserved 1056768K
  class space    used 567K, capacity 600K, committed 640K, reserved 1048576K
}
Event: 128,965 GC heap before
{Heap before GC invocations=165 (full 0):
 PSYoungGen      total 2737664K, used 2737184K [0x00000006ef500000, 0x00000007aa480000, 0x00000007c0000000)
  eden space 2737152K, 100% used [0x00000006ef500000,0x0000000796600000,0x0000000796600000)
  from space 512K, 6% used [0x0000000796680000,0x0000000796688000,0x0000000796700000)
  to   space 512K, 0% used [0x0000000796600000,0x0000000796600000,0x0000000796680000)
 ParOldGen       total 429056K, used 2405K [0x000000054de00000, 0x0000000568100000, 0x00000006ef500000)
  object space 429056K, 0% used [0x000000054de00000,0x000000054e0595a0,0x0000000568100000)
 Metaspace       used 5611K, capacity 5772K, committed 6016K, reserved 1056768K
  class space    used 567K, capacity 600K, committed 640K, reserved 1048576K
Event: 128,967 GC heap after
Heap after GC invocations=165 (full 0):
 PSYoungGen      total 2737664K, used 64K [0x00000006ef500000, 0x00000007b7e00000, 0x00000007c0000000)
  eden space 2737152K, 0% used [0x00000006ef500000,0x00000006ef500000,0x0000000796600000)
  from space 512K, 12% used [0x0000000796600000,0x0000000796610000,0x0000000796680000)
  to   space 512K, 0% used [0x00000007b7d80000,0x00000007b7d80000,0x00000007b7e00000)
 ParOldGen       total 429056K, used 2413K [0x000000054de00000, 0x0000000568100000, 0x00000006ef500000)
  object space 429056K, 0% used [0x000000054de00000,0x000000054e05b5a0,0x0000000568100000)
 Metaspace       used 5611K, capacity 5772K, committed 6016K, reserved 1056768K
  class space    used 567K, capacity 600K, committed 640K, reserved 1048576K
}
Event: 131,079 GC heap before
{Heap before GC invocations=166 (full 0):
 PSYoungGen      total 2737664K, used 2737216K [0x00000006ef500000, 0x00000007b7e00000, 0x00000007c0000000)
  eden space 2737152K, 100% used [0x00000006ef500000,0x0000000796600000,0x0000000796600000)
  from space 512K, 12% used [0x0000000796600000,0x0000000796610000,0x0000000796680000)
  to   space 512K, 0% used [0x00000007b7d80000,0x00000007b7d80000,0x00000007b7e00000)
 ParOldGen       total 429056K, used 2413K [0x000000054de00000, 0x0000000568100000, 0x00000006ef500000)
  object space 429056K, 0% used [0x000000054de00000,0x000000054e05b5a0,0x0000000568100000)
 Metaspace       used 5611K, capacity 5772K, committed 6016K, reserved 1056768K
  class space    used 567K, capacity 600K, committed 640K, reserved 1048576K
Event: 131,081 GC heap after
Heap after GC invocations=166 (full 0):
 PSYoungGen      total 3285504K, used 96K [0x00000006ef500000, 0x00000007b7e00000, 0x00000007c0000000)
  eden space 3284992K, 0% used [0x00000006ef500000,0x00000006ef500000,0x00000007b7d00000)
  from space 512K, 18% used [0x00000007b7d80000,0x00000007b7d98000,0x00000007b7e00000)
  to   space 512K, 0% used [0x00000007b7d00000,0x00000007b7d00000,0x00000007b7d80000)
 ParOldGen       total 429056K, used 2421K [0x000000054de00000, 0x0000000568100000, 0x00000006ef500000)
  object space 429056K, 0% used [0x000000054de00000,0x000000054e05d5a0,0x0000000568100000)
 Metaspace       used 5611K, capacity 5772K, committed 6016K, reserved 1056768K
  class space    used 567K, capacity 600K, committed 640K, reserved 1048576K
}
Event: 134,346 GC heap before
{Heap before GC invocations=167 (full 0):
 PSYoungGen      total 3285504K, used 3285088K [0x00000006ef500000, 0x00000007b7e00000, 0x00000007c0000000)
  eden space 3284992K, 100% used [0x00000006ef500000,0x00000007b7d00000,0x00000007b7d00000)
  from space 512K, 18% used [0x00000007b7d80000,0x00000007b7d98000,0x00000007b7e00000)
  to   space 512K, 0% used [0x00000007b7d00000,0x00000007b7d00000,0x00000007b7d80000)
 ParOldGen       total 429056K, used 2421K [0x000000054de00000, 0x0000000568100000, 0x00000006ef500000)
  object space 429056K, 0% used [0x000000054de00000,0x000000054e05d5a0,0x0000000568100000)
 Metaspace       used 5611K, capacity 5772K, committed 6016K, reserved 1056768K
  class space    used 567K, capacity 600K, committed 640K, reserved 1048576K

