# JRE version: OpenJDK Runtime Environment (8.0_91-b14) (build 1.8.0_91-8u91-b14-0ubuntu4~16.04.1-b14)
# Java VM: OpenJDK 64-Bit Server VM (25.91-b14 mixed mode linux-amd64 compressed oops)
Heap:
 PSYoungGen      total 2944512K, used 64K [0x00000006ef500000, 0x00000007a3100000, 0x00000007c0000000)
  eden space 2944000K, 0% used [0x00000006ef500000,0x00000006ef500000,0x00000007a3000000)
  from space 512K, 12% used [0x00000007a3000000,0x00000007a3010000,0x00000007a3080000)
  to   space 512K, 0% used [0x00000007a3080000,0x00000007a3080000,0x00000007a3100000)
 ParOldGen       total 429056K, used 8463K [0x000000054de00000, 0x0000000568100000, 0x00000006ef500000)
  object space 429056K, 1% used [0x000000054de00000,0x000000054e643dd0,0x0000000568100000)
 Metaspace       used 5605K, capacity 5708K, committed 5760K, reserved 1056768K
  class space    used 567K, capacity 600K, committed 640K, reserved 1048576K
GC Heap History (10 events):
Event: 476,421 GC heap after
Heap after GC invocations=910 (full 0):
 PSYoungGen      total 1787392K, used 32K [0x00000006ef500000, 0x0000000785180000, 0x00000007c0000000)
  eden space 1786880K, 0% used [0x00000006ef500000,0x00000006ef500000,0x000000075c600000)
  from space 512K, 6% used [0x0000000785100000,0x0000000785108000,0x0000000785180000)
  to   space 512K, 0% used [0x0000000785080000,0x0000000785080000,0x0000000785100000)
 ParOldGen       total 429056K, used 8423K [0x000000054de00000, 0x0000000568100000, 0x00000006ef500000)
  object space 429056K, 1% used [0x000000054de00000,0x000000054e639dd0,0x0000000568100000)
 Metaspace       used 5605K, capacity 5708K, committed 5760K, reserved 1056768K
  class space    used 567K, capacity 600K, committed 640K, reserved 1048576K
}
Event: 477,858 GC heap before
{Heap before GC invocations=911 (full 0):
 PSYoungGen      total 1787392K, used 1786912K [0x00000006ef500000, 0x0000000785180000, 0x00000007c0000000)
  eden space 1786880K, 100% used [0x00000006ef500000,0x000000075c600000,0x000000075c600000)
  from space 512K, 6% used [0x0000000785100000,0x0000000785108000,0x0000000785180000)
  to   space 512K, 0% used [0x0000000785080000,0x0000000785080000,0x0000000785100000)
 ParOldGen       total 429056K, used 8423K [0x000000054de00000, 0x0000000568100000, 0x00000006ef500000)
  object space 429056K, 1% used [0x000000054de00000,0x000000054e639dd0,0x0000000568100000)
 Metaspace       used 5605K, capacity 5708K, committed 5760K, reserved 1056768K
  class space    used 567K, capacity 600K, committed 640K, reserved 1048576K
Event: 477,897 GC heap after
Heap after GC invocations=911 (full 0):
 PSYoungGen      total 2144768K, used 32K [0x00000006ef500000, 0x0000000785180000, 0x00000007c0000000)
  eden space 2144256K, 0% used [0x00000006ef500000,0x00000006ef500000,0x0000000772300000)
  from space 512K, 6% used [0x0000000785080000,0x0000000785088000,0x0000000785100000)
  to   space 512K, 0% used [0x0000000785100000,0x0000000785100000,0x0000000785180000)
 ParOldGen       total 429056K, used 8431K [0x000000054de00000, 0x0000000568100000, 0x00000006ef500000)
  object space 429056K, 1% used [0x000000054de00000,0x000000054e63bdd0,0x0000000568100000)
 Metaspace       used 5605K, capacity 5708K, committed 5760K, reserved 1056768K
  class space    used 567K, capacity 600K, committed 640K, reserved 1048576K
}
Event: 479,619 GC heap before
{Heap before GC invocations=912 (full 0):
 PSYoungGen      total 2144768K, used 2144288K [0x00000006ef500000, 0x0000000785180000, 0x00000007c0000000)
  eden space 2144256K, 100% used [0x00000006ef500000,0x0000000772300000,0x0000000772300000)
  from space 512K, 6% used [0x0000000785080000,0x0000000785088000,0x0000000785100000)
  to   space 512K, 0% used [0x0000000785100000,0x0000000785100000,0x0000000785180000)
 ParOldGen       total 429056K, used 8431K [0x000000054de00000, 0x0000000568100000, 0x00000006ef500000)
  object space 429056K, 1% used [0x000000054de00000,0x000000054e63bdd0,0x0000000568100000)
 Metaspace       used 5605K, capacity 5708K, committed 5760K, reserved 1056768K
  class space    used 567K, capacity 600K, committed 640K, reserved 1048576K
Event: 479,655 GC heap after
Heap after GC invocations=912 (full 0):
 PSYoungGen      total 2453504K, used 32K [0x00000006ef500000, 0x000000078c700000, 0x00000007c0000000)
  eden space 2452992K, 0% used [0x00000006ef500000,0x00000006ef500000,0x0000000785080000)
  from space 512K, 6% used [0x0000000785100000,0x0000000785108000,0x0000000785180000)
  to   space 512K, 0% used [0x0000000785080000,0x0000000785080000,0x0000000785100000)
 ParOldGen       total 429056K, used 8439K [0x000000054de00000, 0x0000000568100000, 0x00000006ef500000)
  object space 429056K, 1% used [0x000000054de00000,0x000000054e63ddd0,0x0000000568100000)
 Metaspace       used 5605K, capacity 5708K, committed 5760K, reserved 1056768K
  class space    used 567K, capacity 600K, committed 640K, reserved 1048576K
}
Event: 481,711 GC heap before
{Heap before GC invocations=913 (full 0):
 PSYoungGen      total 2453504K, used 2453024K [0x00000006ef500000, 0x000000078c700000, 0x00000007c0000000)
  eden space 2452992K, 100% used [0x00000006ef500000,0x0000000785080000,0x0000000785080000)
  from space 512K, 6% used [0x0000000785100000,0x0000000785108000,0x0000000785180000)
  to   space 512K, 0% used [0x0000000785080000,0x0000000785080000,0x0000000785100000)
 ParOldGen       total 429056K, used 8439K [0x000000054de00000, 0x0000000568100000, 0x00000006ef500000)
  object space 429056K, 1% used [0x000000054de00000,0x000000054e63ddd0,0x0000000568100000)
 Metaspace       used 5605K, capacity 5708K, committed 5760K, reserved 1056768K
  class space    used 567K, capacity 600K, committed 640K, reserved 1048576K
Event: 481,713 GC heap after
Heap after GC invocations=913 (full 0):
 PSYoungGen      total 2453504K, used 32K [0x00000006ef500000, 0x00000007a3100000, 0x00000007c0000000)
  eden space 2452992K, 0% used [0x00000006ef500000,0x00000006ef500000,0x0000000785080000)
  from space 512K, 6% used [0x0000000785080000,0x0000000785088000,0x0000000785100000)
  to   space 512K, 0% used [0x00000007a3080000,0x00000007a3080000,0x00000007a3100000)
 ParOldGen       total 429056K, used 8447K [0x000000054de00000, 0x0000000568100000, 0x00000006ef500000)
  object space 429056K, 1% used [0x000000054de00000,0x000000054e63fdd0,0x0000000568100000)
 Metaspace       used 5605K, capacity 5708K, committed 5760K, reserved 1056768K
  class space    used 567K, capacity 600K, committed 640K, reserved 1048576K
}
Event: 483,781 GC heap before
{Heap before GC invocations=914 (full 0):
 PSYoungGen      total 2453504K, used 2453024K [0x00000006ef500000, 0x00000007a3100000, 0x00000007c0000000)
  eden space 2452992K, 100% used [0x00000006ef500000,0x0000000785080000,0x0000000785080000)
  from space 512K, 6% used [0x0000000785080000,0x0000000785088000,0x0000000785100000)
  to   space 512K, 0% used [0x00000007a3080000,0x00000007a3080000,0x00000007a3100000)
 ParOldGen       total 429056K, used 8447K [0x000000054de00000, 0x0000000568100000, 0x00000006ef500000)
  object space 429056K, 1% used [0x000000054de00000,0x000000054e63fdd0,0x0000000568100000)
 Metaspace       used 5605K, capacity 5708K, committed 5760K, reserved 1056768K
  class space    used 567K, capacity 600K, committed 640K, reserved 1048576K
Event: 483,782 GC heap after
Heap after GC invocations=914 (full 0):
 PSYoungGen      total 2944512K, used 32K [0x00000006ef500000, 0x00000007a3100000, 0x00000007c0000000)
  eden space 2944000K, 0% used [0x00000006ef500000,0x00000006ef500000,0x00000007a3000000)
  from space 512K, 6% used [0x00000007a3080000,0x00000007a3088000,0x00000007a3100000)
  to   space 512K, 0% used [0x00000007a3000000,0x00000007a3000000,0x00000007a3080000)
 ParOldGen       total 429056K, used 8455K [0x000000054de00000, 0x0000000568100000, 0x00000006ef500000)
  object space 429056K, 1% used [0x000000054de00000,0x000000054e641dd0,0x0000000568100000)
 Metaspace       used 5605K, capacity 5708K, committed 5760K, reserved 1056768K
  class space    used 567K, capacity 600K, committed 640K, reserved 1048576K
}
Event: 486,108 GC heap before
{Heap before GC invocations=915 (full 0):
 PSYoungGen      total 2944512K, used 2944032K [0x00000006ef500000, 0x00000007a3100000, 0x00000007c0000000)
  eden space 2944000K, 100% used [0x00000006ef500000,0x00000007a3000000,0x00000007a3000000)
  from space 512K, 6% used [0x00000007a3080000,0x00000007a3088000,0x00000007a3100000)
  to   space 512K, 0% used [0x00000007a3000000,0x00000007a3000000,0x00000007a3080000)
 ParOldGen       total 429056K, used 8455K [0x000000054de00000, 0x0000000568100000, 0x00000006ef500000)
  object space 429056K, 1% used [0x000000054de00000,0x000000054e641dd0,0x0000000568100000)
 Metaspace       used 5605K, capacity 5708K, committed 5760K, reserved 1056768K
  class space    used 567K, capacity 600K, committed 640K, reserved 1048576K

