# JRE version: OpenJDK Runtime Environment (8.0_91-b14) (build 1.8.0_91-8u91-b14-0ubuntu4~16.04.1-b14)
# Java VM: OpenJDK 64-Bit Server VM (25.91-b14 mixed mode linux-amd64 compressed oops)
Heap:
 PSYoungGen      total 2575360K, used 64K [0x00000006ef500000, 0x000000078cc00000, 0x00000007c0000000)
  eden space 2571776K, 0% used [0x00000006ef500000,0x00000006ef500000,0x000000078c480000)
  from space 3584K, 1% used [0x000000078c480000,0x000000078c490000,0x000000078c800000)
  to   space 3072K, 0% used [0x000000078c800000,0x000000078c800000,0x000000078cb00000)
 ParOldGen       total 429056K, used 1164K [0x000000054de00000, 0x0000000568100000, 0x00000006ef500000)
  object space 429056K, 0% used [0x000000054de00000,0x000000054df231a0,0x0000000568100000)
 Metaspace       used 5573K, capacity 5708K, committed 5760K, reserved 1056768K
  class space    used 567K, capacity 600K, committed 640K, reserved 1048576K
GC Heap History (10 events):
Event: 3,487 GC heap after
Heap after GC invocations=4 (full 0):
 PSYoungGen      total 669696K, used 1216K [0x00000006ef500000, 0x0000000719d00000, 0x00000007c0000000)
  eden space 643072K, 0% used [0x00000006ef500000,0x00000006ef500000,0x0000000716900000)
  from space 26624K, 4% used [0x0000000718300000,0x0000000718430000,0x0000000719d00000)
  to   space 26624K, 0% used [0x0000000716900000,0x0000000716900000,0x0000000718300000)
 ParOldGen       total 429056K, used 16K [0x000000054de00000, 0x0000000568100000, 0x00000006ef500000)
  object space 429056K, 0% used [0x000000054de00000,0x000000054de04000,0x0000000568100000)
 Metaspace       used 5512K, capacity 5708K, committed 5760K, reserved 1056768K
  class space    used 567K, capacity 600K, committed 640K, reserved 1048576K
}
Event: 4,118 GC heap before
{Heap before GC invocations=5 (full 0):
 PSYoungGen      total 669696K, used 644288K [0x00000006ef500000, 0x0000000719d00000, 0x00000007c0000000)
  eden space 643072K, 100% used [0x00000006ef500000,0x0000000716900000,0x0000000716900000)
  from space 26624K, 4% used [0x0000000718300000,0x0000000718430000,0x0000000719d00000)
  to   space 26624K, 0% used [0x0000000716900000,0x0000000716900000,0x0000000718300000)
 ParOldGen       total 429056K, used 16K [0x000000054de00000, 0x0000000568100000, 0x00000006ef500000)
  object space 429056K, 0% used [0x000000054de00000,0x000000054de04000,0x0000000568100000)
 Metaspace       used 5517K, capacity 5708K, committed 5760K, reserved 1056768K
  class space    used 567K, capacity 600K, committed 640K, reserved 1048576K
Event: 4,226 GC heap after
Heap after GC invocations=5 (full 0):
 PSYoungGen      total 669696K, used 1216K [0x00000006ef500000, 0x000000073e300000, 0x00000007c0000000)
  eden space 643072K, 0% used [0x00000006ef500000,0x00000006ef500000,0x0000000716900000)
  from space 26624K, 4% used [0x0000000716900000,0x0000000716a30000,0x0000000718300000)
  to   space 3072K, 0% used [0x000000073e000000,0x000000073e000000,0x000000073e300000)
 ParOldGen       total 429056K, used 24K [0x000000054de00000, 0x0000000568100000, 0x00000006ef500000)
  object space 429056K, 0% used [0x000000054de00000,0x000000054de06000,0x0000000568100000)
 Metaspace       used 5517K, capacity 5708K, committed 5760K, reserved 1056768K
  class space    used 567K, capacity 600K, committed 640K, reserved 1048576K
}
Event: 4,811 GC heap before
{Heap before GC invocations=6 (full 0):
 PSYoungGen      total 669696K, used 644288K [0x00000006ef500000, 0x000000073e300000, 0x00000007c0000000)
  eden space 643072K, 100% used [0x00000006ef500000,0x0000000716900000,0x0000000716900000)
  from space 26624K, 4% used [0x0000000716900000,0x0000000716a30000,0x0000000718300000)
  to   space 3072K, 0% used [0x000000073e000000,0x000000073e000000,0x000000073e300000)
 ParOldGen       total 429056K, used 24K [0x000000054de00000, 0x0000000568100000, 0x00000006ef500000)
  object space 429056K, 0% used [0x000000054de00000,0x000000054de06000,0x0000000568100000)
 Metaspace       used 5521K, capacity 5708K, committed 5760K, reserved 1056768K
  class space    used 567K, capacity 600K, committed 640K, reserved 1048576K
Event: 4,854 GC heap after
Heap after GC invocations=6 (full 0):
 PSYoungGen      total 1289216K, used 1248K [0x00000006ef500000, 0x000000073e300000, 0x00000007c0000000)
  eden space 1286144K, 0% used [0x00000006ef500000,0x00000006ef500000,0x000000073dd00000)
  from space 3072K, 40% used [0x000000073e000000,0x000000073e138000,0x000000073e300000)
  to   space 3072K, 0% used [0x000000073dd00000,0x000000073dd00000,0x000000073e000000)
 ParOldGen       total 429056K, used 24K [0x000000054de00000, 0x0000000568100000, 0x00000006ef500000)
  object space 429056K, 0% used [0x000000054de00000,0x000000054de06000,0x0000000568100000)
 Metaspace       used 5521K, capacity 5708K, committed 5760K, reserved 1056768K
  class space    used 567K, capacity 600K, committed 640K, reserved 1048576K
}
Event: 6,192 GC heap before
{Heap before GC invocations=7 (full 0):
 PSYoungGen      total 1289216K, used 1287392K [0x00000006ef500000, 0x000000073e300000, 0x00000007c0000000)
  eden space 1286144K, 100% used [0x00000006ef500000,0x000000073dd00000,0x000000073dd00000)
  from space 3072K, 40% used [0x000000073e000000,0x000000073e138000,0x000000073e300000)
  to   space 3072K, 0% used [0x000000073dd00000,0x000000073dd00000,0x000000073e000000)
 ParOldGen       total 429056K, used 24K [0x000000054de00000, 0x0000000568100000, 0x00000006ef500000)
  object space 429056K, 0% used [0x000000054de00000,0x000000054de06000,0x0000000568100000)
 Metaspace       used 5540K, capacity 5708K, committed 5760K, reserved 1056768K
  class space    used 567K, capacity 600K, committed 640K, reserved 1048576K
Event: 6,214 GC heap after
Heap after GC invocations=7 (full 0):
 PSYoungGen      total 1289216K, used 64K [0x00000006ef500000, 0x000000078cb00000, 0x00000007c0000000)
  eden space 1286144K, 0% used [0x00000006ef500000,0x00000006ef500000,0x000000073dd00000)
  from space 3072K, 2% used [0x000000073dd00000,0x000000073dd10000,0x000000073e000000)
  to   space 3072K, 0% used [0x000000078c800000,0x000000078c800000,0x000000078cb00000)
 ParOldGen       total 429056K, used 1148K [0x000000054de00000, 0x0000000568100000, 0x00000006ef500000)
  object space 429056K, 0% used [0x000000054de00000,0x000000054df1f1a0,0x0000000568100000)
 Metaspace       used 5540K, capacity 5708K, committed 5760K, reserved 1056768K
  class space    used 567K, capacity 600K, committed 640K, reserved 1048576K
}
Event: 7,593 GC heap before
{Heap before GC invocations=8 (full 0):
 PSYoungGen      total 1289216K, used 1286208K [0x00000006ef500000, 0x000000078cb00000, 0x00000007c0000000)
  eden space 1286144K, 100% used [0x00000006ef500000,0x000000073dd00000,0x000000073dd00000)
  from space 3072K, 2% used [0x000000073dd00000,0x000000073dd10000,0x000000073e000000)
  to   space 3072K, 0% used [0x000000078c800000,0x000000078c800000,0x000000078cb00000)
 ParOldGen       total 429056K, used 1148K [0x000000054de00000, 0x0000000568100000, 0x00000006ef500000)
  object space 429056K, 0% used [0x000000054de00000,0x000000054df1f1a0,0x0000000568100000)
 Metaspace       used 5546K, capacity 5708K, committed 5760K, reserved 1056768K
  class space    used 567K, capacity 600K, committed 640K, reserved 1048576K
Event: 7,595 GC heap after
Heap after GC invocations=8 (full 0):
 PSYoungGen      total 2574848K, used 32K [0x00000006ef500000, 0x000000078cc00000, 0x00000007c0000000)
  eden space 2571776K, 0% used [0x00000006ef500000,0x00000006ef500000,0x000000078c480000)
  from space 3072K, 1% used [0x000000078c800000,0x000000078c808000,0x000000078cb00000)
  to   space 3584K, 0% used [0x000000078c480000,0x000000078c480000,0x000000078c800000)
 ParOldGen       total 429056K, used 1156K [0x000000054de00000, 0x0000000568100000, 0x00000006ef500000)
  object space 429056K, 0% used [0x000000054de00000,0x000000054df211a0,0x0000000568100000)
 Metaspace       used 5546K, capacity 5708K, committed 5760K, reserved 1056768K
  class space    used 567K, capacity 600K, committed 640K, reserved 1048576K
}
Event: 10,110 GC heap before
{Heap before GC invocations=9 (full 0):
 PSYoungGen      total 2574848K, used 2571808K [0x00000006ef500000, 0x000000078cc00000, 0x00000007c0000000)
  eden space 2571776K, 100% used [0x00000006ef500000,0x000000078c480000,0x000000078c480000)
  from space 3072K, 1% used [0x000000078c800000,0x000000078c808000,0x000000078cb00000)
  to   space 3584K, 0% used [0x000000078c480000,0x000000078c480000,0x000000078c800000)
 ParOldGen       total 429056K, used 1156K [0x000000054de00000, 0x0000000568100000, 0x00000006ef500000)
  object space 429056K, 0% used [0x000000054de00000,0x000000054df211a0,0x0000000568100000)
 Metaspace       used 5573K, capacity 5708K, committed 5760K, reserved 1056768K
  class space    used 567K, capacity 600K, committed 640K, reserved 1048576K

