# JRE version: OpenJDK Runtime Environment (8.0_91-b14) (build 1.8.0_91-8u91-b14-0ubuntu4~16.04.1-b14)
# Java VM: OpenJDK 64-Bit Server VM (25.91-b14 mixed mode linux-amd64 compressed oops)
Heap:
 PSYoungGen      total 3207680K, used 32K [0x00000006ef500000, 0x00000007bd000000, 0x00000007c0000000)
  eden space 3207168K, 0% used [0x00000006ef500000,0x00000006ef500000,0x00000007b3100000)
  from space 512K, 6% used [0x00000007bcf80000,0x00000007bcf88000,0x00000007bd000000)
  to   space 512K, 0% used [0x00000007b3100000,0x00000007b3100000,0x00000007b3180000)
 ParOldGen       total 429056K, used 7850K [0x000000054de00000, 0x0000000568100000, 0x00000006ef500000)
  object space 429056K, 1% used [0x000000054de00000,0x000000054e5aa9c0,0x0000000568100000)
 Metaspace       used 5604K, capacity 5708K, committed 5760K, reserved 1056768K
  class space    used 567K, capacity 600K, committed 640K, reserved 1048576K
GC Heap History (10 events):
Event: 433,261 GC heap after
Heap after GC invocations=833 (full 0):
 PSYoungGen      total 1624576K, used 32K [0x00000006ef500000, 0x00000007b3200000, 0x00000007c0000000)
  eden space 1624064K, 0% used [0x00000006ef500000,0x00000006ef500000,0x0000000752700000)
  from space 512K, 6% used [0x00000007b3100000,0x00000007b3108000,0x00000007b3180000)
  to   space 512K, 0% used [0x00000007b3180000,0x00000007b3180000,0x00000007b3200000)
 ParOldGen       total 429056K, used 7810K [0x000000054de00000, 0x0000000568100000, 0x00000006ef500000)
  object space 429056K, 1% used [0x000000054de00000,0x000000054e5a09c0,0x0000000568100000)
 Metaspace       used 5604K, capacity 5708K, committed 5760K, reserved 1056768K
  class space    used 567K, capacity 600K, committed 640K, reserved 1048576K
}
Event: 434,568 GC heap before
{Heap before GC invocations=834 (full 0):
 PSYoungGen      total 1624576K, used 1624096K [0x00000006ef500000, 0x00000007b3200000, 0x00000007c0000000)
  eden space 1624064K, 100% used [0x00000006ef500000,0x0000000752700000,0x0000000752700000)
  from space 512K, 6% used [0x00000007b3100000,0x00000007b3108000,0x00000007b3180000)
  to   space 512K, 0% used [0x00000007b3180000,0x00000007b3180000,0x00000007b3200000)
 ParOldGen       total 429056K, used 7810K [0x000000054de00000, 0x0000000568100000, 0x00000006ef500000)
  object space 429056K, 1% used [0x000000054de00000,0x000000054e5a09c0,0x0000000568100000)
 Metaspace       used 5604K, capacity 5708K, committed 5760K, reserved 1056768K
  class space    used 567K, capacity 600K, committed 640K, reserved 1048576K
Event: 434,621 GC heap after
Heap after GC invocations=834 (full 0):
 PSYoungGen      total 1949696K, used 32K [0x00000006ef500000, 0x00000007b3200000, 0x00000007c0000000)
  eden space 1949184K, 0% used [0x00000006ef500000,0x00000006ef500000,0x0000000766480000)
  from space 512K, 6% used [0x00000007b3180000,0x00000007b3188000,0x00000007b3200000)
  to   space 512K, 0% used [0x00000007b3100000,0x00000007b3100000,0x00000007b3180000)
 ParOldGen       total 429056K, used 7818K [0x000000054de00000, 0x0000000568100000, 0x00000006ef500000)
  object space 429056K, 1% used [0x000000054de00000,0x000000054e5a29c0,0x0000000568100000)
 Metaspace       used 5604K, capacity 5708K, committed 5760K, reserved 1056768K
  class space    used 567K, capacity 600K, committed 640K, reserved 1048576K
}
Event: 436,200 GC heap before
{Heap before GC invocations=835 (full 0):
 PSYoungGen      total 1949696K, used 1949216K [0x00000006ef500000, 0x00000007b3200000, 0x00000007c0000000)
  eden space 1949184K, 100% used [0x00000006ef500000,0x0000000766480000,0x0000000766480000)
  from space 512K, 6% used [0x00000007b3180000,0x00000007b3188000,0x00000007b3200000)
  to   space 512K, 0% used [0x00000007b3100000,0x00000007b3100000,0x00000007b3180000)
 ParOldGen       total 429056K, used 7818K [0x000000054de00000, 0x0000000568100000, 0x00000006ef500000)
  object space 429056K, 1% used [0x000000054de00000,0x000000054e5a29c0,0x0000000568100000)
 Metaspace       used 5604K, capacity 5708K, committed 5760K, reserved 1056768K
  class space    used 567K, capacity 600K, committed 640K, reserved 1048576K
Event: 436,214 GC heap after
Heap after GC invocations=835 (full 0):
 PSYoungGen      total 2339840K, used 32K [0x00000006ef500000, 0x00000007b3200000, 0x00000007c0000000)
  eden space 2339328K, 0% used [0x00000006ef500000,0x00000006ef500000,0x000000077e180000)
  from space 512K, 6% used [0x00000007b3100000,0x00000007b3108000,0x00000007b3180000)
  to   space 512K, 0% used [0x00000007b3180000,0x00000007b3180000,0x00000007b3200000)
 ParOldGen       total 429056K, used 7826K [0x000000054de00000, 0x0000000568100000, 0x00000006ef500000)
  object space 429056K, 1% used [0x000000054de00000,0x000000054e5a49c0,0x0000000568100000)
 Metaspace       used 5604K, capacity 5708K, committed 5760K, reserved 1056768K
  class space    used 567K, capacity 600K, committed 640K, reserved 1048576K
}
Event: 437,988 GC heap before
{Heap before GC invocations=836 (full 0):
 PSYoungGen      total 2339840K, used 2339360K [0x00000006ef500000, 0x00000007b3200000, 0x00000007c0000000)
  eden space 2339328K, 100% used [0x00000006ef500000,0x000000077e180000,0x000000077e180000)
  from space 512K, 6% used [0x00000007b3100000,0x00000007b3108000,0x00000007b3180000)
  to   space 512K, 0% used [0x00000007b3180000,0x00000007b3180000,0x00000007b3200000)
 ParOldGen       total 429056K, used 7826K [0x000000054de00000, 0x0000000568100000, 0x00000006ef500000)
  object space 429056K, 1% used [0x000000054de00000,0x000000054e5a49c0,0x0000000568100000)
 Metaspace       used 5604K, capacity 5708K, committed 5760K, reserved 1056768K
  class space    used 567K, capacity 600K, committed 640K, reserved 1048576K
Event: 437,990 GC heap after
Heap after GC invocations=836 (full 0):
 PSYoungGen      total 2807808K, used 32K [0x00000006ef500000, 0x00000007b3200000, 0x00000007c0000000)
  eden space 2807296K, 0% used [0x00000006ef500000,0x00000006ef500000,0x000000079aa80000)
  from space 512K, 6% used [0x00000007b3180000,0x00000007b3188000,0x00000007b3200000)
  to   space 512K, 0% used [0x00000007b3100000,0x00000007b3100000,0x00000007b3180000)
 ParOldGen       total 429056K, used 7834K [0x000000054de00000, 0x0000000568100000, 0x00000006ef500000)
  object space 429056K, 1% used [0x000000054de00000,0x000000054e5a69c0,0x0000000568100000)
 Metaspace       used 5604K, capacity 5708K, committed 5760K, reserved 1056768K
  class space    used 567K, capacity 600K, committed 640K, reserved 1048576K
}
Event: 440,032 GC heap before
{Heap before GC invocations=837 (full 0):
 PSYoungGen      total 2807808K, used 2807328K [0x00000006ef500000, 0x00000007b3200000, 0x00000007c0000000)
  eden space 2807296K, 100% used [0x00000006ef500000,0x000000079aa80000,0x000000079aa80000)
  from space 512K, 6% used [0x00000007b3180000,0x00000007b3188000,0x00000007b3200000)
  to   space 512K, 0% used [0x00000007b3100000,0x00000007b3100000,0x00000007b3180000)
 ParOldGen       total 429056K, used 7834K [0x000000054de00000, 0x0000000568100000, 0x00000006ef500000)
  object space 429056K, 1% used [0x000000054de00000,0x000000054e5a69c0,0x0000000568100000)
 Metaspace       used 5604K, capacity 5708K, committed 5760K, reserved 1056768K
  class space    used 567K, capacity 600K, committed 640K, reserved 1048576K
Event: 440,034 GC heap after
Heap after GC invocations=837 (full 0):
 PSYoungGen      total 3207680K, used 64K [0x00000006ef500000, 0x00000007bd000000, 0x00000007c0000000)
  eden space 3207168K, 0% used [0x00000006ef500000,0x00000006ef500000,0x00000007b3100000)
  from space 512K, 12% used [0x00000007b3100000,0x00000007b3110000,0x00000007b3180000)
  to   space 512K, 0% used [0x00000007bcf80000,0x00000007bcf80000,0x00000007bd000000)
 ParOldGen       total 429056K, used 7842K [0x000000054de00000, 0x0000000568100000, 0x00000006ef500000)
  object space 429056K, 1% used [0x000000054de00000,0x000000054e5a89c0,0x0000000568100000)
 Metaspace       used 5604K, capacity 5708K, committed 5760K, reserved 1056768K
  class space    used 567K, capacity 600K, committed 640K, reserved 1048576K
}
Event: 443,270 GC heap before
{Heap before GC invocations=838 (full 0):
 PSYoungGen      total 3207680K, used 3207232K [0x00000006ef500000, 0x00000007bd000000, 0x00000007c0000000)
  eden space 3207168K, 100% used [0x00000006ef500000,0x00000007b3100000,0x00000007b3100000)
  from space 512K, 12% used [0x00000007b3100000,0x00000007b3110000,0x00000007b3180000)
  to   space 512K, 0% used [0x00000007bcf80000,0x00000007bcf80000,0x00000007bd000000)
 ParOldGen       total 429056K, used 7842K [0x000000054de00000, 0x0000000568100000, 0x00000006ef500000)
  object space 429056K, 1% used [0x000000054de00000,0x000000054e5a89c0,0x0000000568100000)
 Metaspace       used 5604K, capacity 5708K, committed 5760K, reserved 1056768K
  class space    used 567K, capacity 600K, committed 640K, reserved 1048576K

