# JRE version: OpenJDK Runtime Environment (8.0_91-b14) (build 1.8.0_91-8u91-b14-0ubuntu4~16.04.1-b14)
# Java VM: OpenJDK 64-Bit Server VM (25.91-b14 mixed mode linux-amd64 compressed oops)
Heap:
 PSYoungGen      total 2932224K, used 32K [0x00000006ef500000, 0x00000007ab380000, 0x00000007c0000000)
  eden space 2931712K, 0% used [0x00000006ef500000,0x00000006ef500000,0x00000007a2400000)
  from space 512K, 6% used [0x00000007ab300000,0x00000007ab308000,0x00000007ab380000)
  to   space 512K, 0% used [0x00000007ab280000,0x00000007ab280000,0x00000007ab300000)
 ParOldGen       total 429056K, used 59471K [0x000000054de00000, 0x0000000568100000, 0x00000006ef500000)
  object space 429056K, 13% used [0x000000054de00000,0x0000000551813e10,0x0000000568100000)
 Metaspace       used 5598K, capacity 5700K, committed 5760K, reserved 1056768K
  class space    used 567K, capacity 600K, committed 640K, reserved 1048576K
GC Heap History (10 events):
Event: 4385,127 GC heap after
Heap after GC invocations=7203 (full 0):
 PSYoungGen      total 1830912K, used 32K [0x00000006ef500000, 0x00000007ab380000, 0x00000007c0000000)
  eden space 1830400K, 0% used [0x00000006ef500000,0x00000006ef500000,0x000000075f080000)
  from space 512K, 6% used [0x00000007ab280000,0x00000007ab288000,0x00000007ab300000)
  to   space 512K, 0% used [0x00000007ab300000,0x00000007ab300000,0x00000007ab380000)
 ParOldGen       total 429056K, used 59431K [0x000000054de00000, 0x0000000568100000, 0x00000006ef500000)
  object space 429056K, 13% used [0x000000054de00000,0x0000000551809e10,0x0000000568100000)
 Metaspace       used 5598K, capacity 5700K, committed 5760K, reserved 1056768K
  class space    used 567K, capacity 600K, committed 640K, reserved 1048576K
}
Event: 4386,755 GC heap before
{Heap before GC invocations=7204 (full 0):
 PSYoungGen      total 1830912K, used 1830432K [0x00000006ef500000, 0x00000007ab380000, 0x00000007c0000000)
  eden space 1830400K, 100% used [0x00000006ef500000,0x000000075f080000,0x000000075f080000)
  from space 512K, 6% used [0x00000007ab280000,0x00000007ab288000,0x00000007ab300000)
  to   space 512K, 0% used [0x00000007ab300000,0x00000007ab300000,0x00000007ab380000)
 ParOldGen       total 429056K, used 59431K [0x000000054de00000, 0x0000000568100000, 0x00000006ef500000)
  object space 429056K, 13% used [0x000000054de00000,0x0000000551809e10,0x0000000568100000)
 Metaspace       used 5598K, capacity 5700K, committed 5760K, reserved 1056768K
  class space    used 567K, capacity 600K, committed 640K, reserved 1048576K
Event: 4386,757 GC heap after
Heap after GC invocations=7204 (full 0):
 PSYoungGen      total 2196992K, used 32K [0x00000006ef500000, 0x00000007ab380000, 0x00000007c0000000)
  eden space 2196480K, 0% used [0x00000006ef500000,0x00000006ef500000,0x0000000775600000)
  from space 512K, 6% used [0x00000007ab300000,0x00000007ab308000,0x00000007ab380000)
  to   space 512K, 0% used [0x00000007ab280000,0x00000007ab280000,0x00000007ab300000)
 ParOldGen       total 429056K, used 59439K [0x000000054de00000, 0x0000000568100000, 0x00000006ef500000)
  object space 429056K, 13% used [0x000000054de00000,0x000000055180be10,0x0000000568100000)
 Metaspace       used 5598K, capacity 5700K, committed 5760K, reserved 1056768K
  class space    used 567K, capacity 600K, committed 640K, reserved 1048576K
}
Event: 4388,497 GC heap before
{Heap before GC invocations=7205 (full 0):
 PSYoungGen      total 2196992K, used 2196512K [0x00000006ef500000, 0x00000007ab380000, 0x00000007c0000000)
  eden space 2196480K, 100% used [0x00000006ef500000,0x0000000775600000,0x0000000775600000)
  from space 512K, 6% used [0x00000007ab300000,0x00000007ab308000,0x00000007ab380000)
  to   space 512K, 0% used [0x00000007ab280000,0x00000007ab280000,0x00000007ab300000)
 ParOldGen       total 429056K, used 59439K [0x000000054de00000, 0x0000000568100000, 0x00000006ef500000)
  object space 429056K, 13% used [0x000000054de00000,0x000000055180be10,0x0000000568100000)
 Metaspace       used 5598K, capacity 5700K, committed 5760K, reserved 1056768K
  class space    used 567K, capacity 600K, committed 640K, reserved 1048576K
Event: 4388,499 GC heap after
Heap after GC invocations=7205 (full 0):
 PSYoungGen      total 2636288K, used 32K [0x00000006ef500000, 0x00000007ab380000, 0x00000007c0000000)
  eden space 2635776K, 0% used [0x00000006ef500000,0x00000006ef500000,0x0000000790300000)
  from space 512K, 6% used [0x00000007ab280000,0x00000007ab288000,0x00000007ab300000)
  to   space 512K, 0% used [0x00000007ab300000,0x00000007ab300000,0x00000007ab380000)
 ParOldGen       total 429056K, used 59447K [0x000000054de00000, 0x0000000568100000, 0x00000006ef500000)
  object space 429056K, 13% used [0x000000054de00000,0x000000055180de10,0x0000000568100000)
 Metaspace       used 5598K, capacity 5700K, committed 5760K, reserved 1056768K
  class space    used 567K, capacity 600K, committed 640K, reserved 1048576K
}
Event: 4390,655 GC heap before
{Heap before GC invocations=7206 (full 0):
 PSYoungGen      total 2636288K, used 2635808K [0x00000006ef500000, 0x00000007ab380000, 0x00000007c0000000)
  eden space 2635776K, 100% used [0x00000006ef500000,0x0000000790300000,0x0000000790300000)
  from space 512K, 6% used [0x00000007ab280000,0x00000007ab288000,0x00000007ab300000)
  to   space 512K, 0% used [0x00000007ab300000,0x00000007ab300000,0x00000007ab380000)
 ParOldGen       total 429056K, used 59447K [0x000000054de00000, 0x0000000568100000, 0x00000006ef500000)
  object space 429056K, 13% used [0x000000054de00000,0x000000055180de10,0x0000000568100000)
 Metaspace       used 5598K, capacity 5700K, committed 5760K, reserved 1056768K
  class space    used 567K, capacity 600K, committed 640K, reserved 1048576K
Event: 4390,678 GC heap after
Heap after GC invocations=7206 (full 0):
 PSYoungGen      total 3078144K, used 32K [0x00000006ef500000, 0x00000007b0700000, 0x00000007c0000000)
  eden space 3077632K, 0% used [0x00000006ef500000,0x00000006ef500000,0x00000007ab280000)
  from space 512K, 6% used [0x00000007ab300000,0x00000007ab308000,0x00000007ab380000)
  to   space 512K, 0% used [0x00000007ab280000,0x00000007ab280000,0x00000007ab300000)
 ParOldGen       total 429056K, used 59455K [0x000000054de00000, 0x0000000568100000, 0x00000006ef500000)
  object space 429056K, 13% used [0x000000054de00000,0x000000055180fe10,0x0000000568100000)
 Metaspace       used 5598K, capacity 5700K, committed 5760K, reserved 1056768K
  class space    used 567K, capacity 600K, committed 640K, reserved 1048576K
}
Event: 4393,070 GC heap before
{Heap before GC invocations=7207 (full 0):
 PSYoungGen      total 3078144K, used 3077664K [0x00000006ef500000, 0x00000007b0700000, 0x00000007c0000000)
  eden space 3077632K, 100% used [0x00000006ef500000,0x00000007ab280000,0x00000007ab280000)
  from space 512K, 6% used [0x00000007ab300000,0x00000007ab308000,0x00000007ab380000)
  to   space 512K, 0% used [0x00000007ab280000,0x00000007ab280000,0x00000007ab300000)
 ParOldGen       total 429056K, used 59455K [0x000000054de00000, 0x0000000568100000, 0x00000006ef500000)
  object space 429056K, 13% used [0x000000054de00000,0x000000055180fe10,0x0000000568100000)
 Metaspace       used 5598K, capacity 5700K, committed 5760K, reserved 1056768K
  class space    used 567K, capacity 600K, committed 640K, reserved 1048576K
Event: 4393,088 GC heap after
Heap after GC invocations=7207 (full 0):
 PSYoungGen      total 2932224K, used 32K [0x00000006ef500000, 0x00000007ab380000, 0x00000007c0000000)
  eden space 2931712K, 0% used [0x00000006ef500000,0x00000006ef500000,0x00000007a2400000)
  from space 512K, 6% used [0x00000007ab280000,0x00000007ab288000,0x00000007ab300000)
  to   space 512K, 0% used [0x00000007ab300000,0x00000007ab300000,0x00000007ab380000)
 ParOldGen       total 429056K, used 59463K [0x000000054de00000, 0x0000000568100000, 0x00000006ef500000)
  object space 429056K, 13% used [0x000000054de00000,0x0000000551811e10,0x0000000568100000)
 Metaspace       used 5598K, capacity 5700K, committed 5760K, reserved 1056768K
  class space    used 567K, capacity 600K, committed 640K, reserved 1048576K
}
Event: 4395,595 GC heap before
{Heap before GC invocations=7208 (full 0):
 PSYoungGen      total 2932224K, used 2931744K [0x00000006ef500000, 0x00000007ab380000, 0x00000007c0000000)
  eden space 2931712K, 100% used [0x00000006ef500000,0x00000007a2400000,0x00000007a2400000)
  from space 512K, 6% used [0x00000007ab280000,0x00000007ab288000,0x00000007ab300000)
  to   space 512K, 0% used [0x00000007ab300000,0x00000007ab300000,0x00000007ab380000)
 ParOldGen       total 429056K, used 59463K [0x000000054de00000, 0x0000000568100000, 0x00000006ef500000)
  object space 429056K, 13% used [0x000000054de00000,0x0000000551811e10,0x0000000568100000)
 Metaspace       used 5598K, capacity 5700K, committed 5760K, reserved 1056768K
  class space    used 567K, capacity 600K, committed 640K, reserved 1048576K

