# JRE version: OpenJDK Runtime Environment (8.0_91-b14) (build 1.8.0_91-8u91-b14-0ubuntu4~16.04.1-b14)
# Java VM: OpenJDK 64-Bit Server VM (25.91-b14 mixed mode linux-amd64 compressed oops)
Heap:
 PSYoungGen      total 2737152K, used 32K [0x00000006ef500000, 0x0000000798800000, 0x00000007c0000000)
  eden space 2736640K, 0% used [0x00000006ef500000,0x00000006ef500000,0x0000000796580000)
  from space 512K, 6% used [0x0000000798780000,0x0000000798788000,0x0000000798800000)
  to   space 512K, 0% used [0x0000000796580000,0x0000000796580000,0x0000000796600000)
 ParOldGen       total 429056K, used 26383K [0x000000054de00000, 0x0000000568100000, 0x00000006ef500000)
  object space 429056K, 6% used [0x000000054de00000,0x000000054f7c3e00,0x0000000568100000)
 Metaspace       used 5610K, capacity 5772K, committed 6016K, reserved 1056768K
  class space    used 567K, capacity 600K, committed 640K, reserved 1048576K
GC Heap History (10 events):
Event: 1663,756 GC heap after
Heap after GC invocations=3107 (full 0):
 PSYoungGen      total 1336320K, used 32K [0x00000006ef500000, 0x0000000796680000, 0x00000007c0000000)
  eden space 1335808K, 0% used [0x00000006ef500000,0x00000006ef500000,0x0000000740d80000)
  from space 512K, 6% used [0x0000000796580000,0x0000000796588000,0x0000000796600000)
  to   space 512K, 0% used [0x0000000796600000,0x0000000796600000,0x0000000796680000)
 ParOldGen       total 429056K, used 26343K [0x000000054de00000, 0x0000000568100000, 0x00000006ef500000)
  object space 429056K, 6% used [0x000000054de00000,0x000000054f7b9e00,0x0000000568100000)
 Metaspace       used 5610K, capacity 5772K, committed 6016K, reserved 1056768K
  class space    used 567K, capacity 600K, committed 640K, reserved 1048576K
}
Event: 1665,294 GC heap before
{Heap before GC invocations=3108 (full 0):
 PSYoungGen      total 1336320K, used 1335840K [0x00000006ef500000, 0x0000000796680000, 0x00000007c0000000)
  eden space 1335808K, 100% used [0x00000006ef500000,0x0000000740d80000,0x0000000740d80000)
  from space 512K, 6% used [0x0000000796580000,0x0000000796588000,0x0000000796600000)
  to   space 512K, 0% used [0x0000000796600000,0x0000000796600000,0x0000000796680000)
 ParOldGen       total 429056K, used 26343K [0x000000054de00000, 0x0000000568100000, 0x00000006ef500000)
  object space 429056K, 6% used [0x000000054de00000,0x000000054f7b9e00,0x0000000568100000)
 Metaspace       used 5610K, capacity 5772K, committed 6016K, reserved 1056768K
  class space    used 567K, capacity 600K, committed 640K, reserved 1048576K
Event: 1665,356 GC heap after
Heap after GC invocations=3108 (full 0):
 PSYoungGen      total 1603584K, used 32K [0x00000006ef500000, 0x0000000796680000, 0x00000007c0000000)
  eden space 1603072K, 0% used [0x00000006ef500000,0x00000006ef500000,0x0000000751280000)
  from space 512K, 6% used [0x0000000796600000,0x0000000796608000,0x0000000796680000)
  to   space 512K, 0% used [0x0000000796580000,0x0000000796580000,0x0000000796600000)
 ParOldGen       total 429056K, used 26351K [0x000000054de00000, 0x0000000568100000, 0x00000006ef500000)
  object space 429056K, 6% used [0x000000054de00000,0x000000054f7bbe00,0x0000000568100000)
 Metaspace       used 5610K, capacity 5772K, committed 6016K, reserved 1056768K
  class space    used 567K, capacity 600K, committed 640K, reserved 1048576K
}
Event: 1667,150 GC heap before
{Heap before GC invocations=3109 (full 0):
 PSYoungGen      total 1603584K, used 1603104K [0x00000006ef500000, 0x0000000796680000, 0x00000007c0000000)
  eden space 1603072K, 100% used [0x00000006ef500000,0x0000000751280000,0x0000000751280000)
  from space 512K, 6% used [0x0000000796600000,0x0000000796608000,0x0000000796680000)
  to   space 512K, 0% used [0x0000000796580000,0x0000000796580000,0x0000000796600000)
 ParOldGen       total 429056K, used 26351K [0x000000054de00000, 0x0000000568100000, 0x00000006ef500000)
  object space 429056K, 6% used [0x000000054de00000,0x000000054f7bbe00,0x0000000568100000)
 Metaspace       used 5610K, capacity 5772K, committed 6016K, reserved 1056768K
  class space    used 567K, capacity 600K, committed 640K, reserved 1048576K
Event: 1667,188 GC heap after
Heap after GC invocations=3109 (full 0):
 PSYoungGen      total 1924608K, used 32K [0x00000006ef500000, 0x0000000796680000, 0x00000007c0000000)
  eden space 1924096K, 0% used [0x00000006ef500000,0x00000006ef500000,0x0000000764c00000)
  from space 512K, 6% used [0x0000000796580000,0x0000000796588000,0x0000000796600000)
  to   space 512K, 0% used [0x0000000796600000,0x0000000796600000,0x0000000796680000)
 ParOldGen       total 429056K, used 26359K [0x000000054de00000, 0x0000000568100000, 0x00000006ef500000)
  object space 429056K, 6% used [0x000000054de00000,0x000000054f7bde00,0x0000000568100000)
 Metaspace       used 5610K, capacity 5772K, committed 6016K, reserved 1056768K
  class space    used 567K, capacity 600K, committed 640K, reserved 1048576K
}
Event: 1669,269 GC heap before
{Heap before GC invocations=3110 (full 0):
 PSYoungGen      total 1924608K, used 1924128K [0x00000006ef500000, 0x0000000796680000, 0x00000007c0000000)
  eden space 1924096K, 100% used [0x00000006ef500000,0x0000000764c00000,0x0000000764c00000)
  from space 512K, 6% used [0x0000000796580000,0x0000000796588000,0x0000000796600000)
  to   space 512K, 0% used [0x0000000796600000,0x0000000796600000,0x0000000796680000)
 ParOldGen       total 429056K, used 26359K [0x000000054de00000, 0x0000000568100000, 0x00000006ef500000)
  object space 429056K, 6% used [0x000000054de00000,0x000000054f7bde00,0x0000000568100000)
 Metaspace       used 5610K, capacity 5772K, committed 6016K, reserved 1056768K
  class space    used 567K, capacity 600K, committed 640K, reserved 1048576K
Event: 1669,327 GC heap after
Heap after GC invocations=3110 (full 0):
 PSYoungGen      total 2309632K, used 32K [0x00000006ef500000, 0x0000000796680000, 0x00000007c0000000)
  eden space 2309120K, 0% used [0x00000006ef500000,0x00000006ef500000,0x000000077c400000)
  from space 512K, 6% used [0x0000000796600000,0x0000000796608000,0x0000000796680000)
  to   space 512K, 0% used [0x0000000796580000,0x0000000796580000,0x0000000796600000)
 ParOldGen       total 429056K, used 26367K [0x000000054de00000, 0x0000000568100000, 0x00000006ef500000)
  object space 429056K, 6% used [0x000000054de00000,0x000000054f7bfe00,0x0000000568100000)
 Metaspace       used 5610K, capacity 5772K, committed 6016K, reserved 1056768K
  class space    used 567K, capacity 600K, committed 640K, reserved 1048576K
}
Event: 1671,916 GC heap before
{Heap before GC invocations=3111 (full 0):
 PSYoungGen      total 2309632K, used 2309152K [0x00000006ef500000, 0x0000000796680000, 0x00000007c0000000)
  eden space 2309120K, 100% used [0x00000006ef500000,0x000000077c400000,0x000000077c400000)
  from space 512K, 6% used [0x0000000796600000,0x0000000796608000,0x0000000796680000)
  to   space 512K, 0% used [0x0000000796580000,0x0000000796580000,0x0000000796600000)
 ParOldGen       total 429056K, used 26367K [0x000000054de00000, 0x0000000568100000, 0x00000006ef500000)
  object space 429056K, 6% used [0x000000054de00000,0x000000054f7bfe00,0x0000000568100000)
 Metaspace       used 5610K, capacity 5772K, committed 6016K, reserved 1056768K
  class space    used 567K, capacity 600K, committed 640K, reserved 1048576K
Event: 1671,959 GC heap after
Heap after GC invocations=3111 (full 0):
 PSYoungGen      total 2737152K, used 32K [0x00000006ef500000, 0x0000000798800000, 0x00000007c0000000)
  eden space 2736640K, 0% used [0x00000006ef500000,0x00000006ef500000,0x0000000796580000)
  from space 512K, 6% used [0x0000000796580000,0x0000000796588000,0x0000000796600000)
  to   space 512K, 0% used [0x0000000798780000,0x0000000798780000,0x0000000798800000)
 ParOldGen       total 429056K, used 26375K [0x000000054de00000, 0x0000000568100000, 0x00000006ef500000)
  object space 429056K, 6% used [0x000000054de00000,0x000000054f7c1e00,0x0000000568100000)
 Metaspace       used 5610K, capacity 5772K, committed 6016K, reserved 1056768K
  class space    used 567K, capacity 600K, committed 640K, reserved 1048576K
}
Event: 1675,203 GC heap before
{Heap before GC invocations=3112 (full 0):
 PSYoungGen      total 2737152K, used 2736672K [0x00000006ef500000, 0x0000000798800000, 0x00000007c0000000)
  eden space 2736640K, 100% used [0x00000006ef500000,0x0000000796580000,0x0000000796580000)
  from space 512K, 6% used [0x0000000796580000,0x0000000796588000,0x0000000796600000)
  to   space 512K, 0% used [0x0000000798780000,0x0000000798780000,0x0000000798800000)
 ParOldGen       total 429056K, used 26375K [0x000000054de00000, 0x0000000568100000, 0x00000006ef500000)
  object space 429056K, 6% used [0x000000054de00000,0x000000054f7c1e00,0x0000000568100000)
 Metaspace       used 5610K, capacity 5772K, committed 6016K, reserved 1056768K
  class space    used 567K, capacity 600K, committed 640K, reserved 1048576K

