# JRE version: OpenJDK Runtime Environment (8.0_91-b14) (build 1.8.0_91-8u91-b14-0ubuntu4~16.04.1-b14)
# Java VM: OpenJDK 64-Bit Server VM (25.91-b14 mixed mode linux-amd64 compressed oops)
Heap:
 PSYoungGen      total 3121152K, used 32K [0x00000006ef500000, 0x00000007b3f00000, 0x00000007c0000000)
  eden space 3120640K, 0% used [0x00000006ef500000,0x00000006ef500000,0x00000007adc80000)
  from space 512K, 6% used [0x00000007b3e80000,0x00000007b3e88000,0x00000007b3f00000)
  to   space 512K, 0% used [0x00000007adc80000,0x00000007adc80000,0x00000007add00000)
 ParOldGen       total 429056K, used 17142K [0x000000054de00000, 0x0000000568100000, 0x00000006ef500000)
  object space 429056K, 3% used [0x000000054de00000,0x000000054eebd9d0,0x0000000568100000)
 Metaspace       used 5611K, capacity 5772K, committed 6016K, reserved 1056768K
  class space    used 567K, capacity 600K, committed 640K, reserved 1048576K
GC Heap History (10 events):
Event: 1135,710 GC heap after
Heap after GC invocations=1983 (full 0):
 PSYoungGen      total 1552896K, used 32K [0x00000006ef500000, 0x00000007add80000, 0x00000007c0000000)
  eden space 1552384K, 0% used [0x00000006ef500000,0x00000006ef500000,0x000000074e100000)
  from space 512K, 6% used [0x00000007adc80000,0x00000007adc88000,0x00000007add00000)
  to   space 512K, 0% used [0x00000007add00000,0x00000007add00000,0x00000007add80000)
 ParOldGen       total 429056K, used 17102K [0x000000054de00000, 0x0000000568100000, 0x00000006ef500000)
  object space 429056K, 3% used [0x000000054de00000,0x000000054eeb39d0,0x0000000568100000)
 Metaspace       used 5611K, capacity 5772K, committed 6016K, reserved 1056768K
  class space    used 567K, capacity 600K, committed 640K, reserved 1048576K
}
Event: 1137,128 GC heap before
{Heap before GC invocations=1984 (full 0):
 PSYoungGen      total 1552896K, used 1552416K [0x00000006ef500000, 0x00000007add80000, 0x00000007c0000000)
  eden space 1552384K, 100% used [0x00000006ef500000,0x000000074e100000,0x000000074e100000)
  from space 512K, 6% used [0x00000007adc80000,0x00000007adc88000,0x00000007add00000)
  to   space 512K, 0% used [0x00000007add00000,0x00000007add00000,0x00000007add80000)
 ParOldGen       total 429056K, used 17102K [0x000000054de00000, 0x0000000568100000, 0x00000006ef500000)
  object space 429056K, 3% used [0x000000054de00000,0x000000054eeb39d0,0x0000000568100000)
 Metaspace       used 5611K, capacity 5772K, committed 6016K, reserved 1056768K
  class space    used 567K, capacity 600K, committed 640K, reserved 1048576K
Event: 1137,190 GC heap after
Heap after GC invocations=1984 (full 0):
 PSYoungGen      total 1863680K, used 32K [0x00000006ef500000, 0x00000007add80000, 0x00000007c0000000)
  eden space 1863168K, 0% used [0x00000006ef500000,0x00000006ef500000,0x0000000761080000)
  from space 512K, 6% used [0x00000007add00000,0x00000007add08000,0x00000007add80000)
  to   space 512K, 0% used [0x00000007adc80000,0x00000007adc80000,0x00000007add00000)
 ParOldGen       total 429056K, used 17110K [0x000000054de00000, 0x0000000568100000, 0x00000006ef500000)
  object space 429056K, 3% used [0x000000054de00000,0x000000054eeb59d0,0x0000000568100000)
 Metaspace       used 5611K, capacity 5772K, committed 6016K, reserved 1056768K
  class space    used 567K, capacity 600K, committed 640K, reserved 1048576K
}
Event: 1138,948 GC heap before
{Heap before GC invocations=1985 (full 0):
 PSYoungGen      total 1863680K, used 1863200K [0x00000006ef500000, 0x00000007add80000, 0x00000007c0000000)
  eden space 1863168K, 100% used [0x00000006ef500000,0x0000000761080000,0x0000000761080000)
  from space 512K, 6% used [0x00000007add00000,0x00000007add08000,0x00000007add80000)
  to   space 512K, 0% used [0x00000007adc80000,0x00000007adc80000,0x00000007add00000)
 ParOldGen       total 429056K, used 17110K [0x000000054de00000, 0x0000000568100000, 0x00000006ef500000)
  object space 429056K, 3% used [0x000000054de00000,0x000000054eeb59d0,0x0000000568100000)
 Metaspace       used 5611K, capacity 5772K, committed 6016K, reserved 1056768K
  class space    used 567K, capacity 600K, committed 640K, reserved 1048576K
Event: 1138,950 GC heap after
Heap after GC invocations=1985 (full 0):
 PSYoungGen      total 2236416K, used 32K [0x00000006ef500000, 0x00000007add80000, 0x00000007c0000000)
  eden space 2235904K, 0% used [0x00000006ef500000,0x00000006ef500000,0x0000000777c80000)
  from space 512K, 6% used [0x00000007adc80000,0x00000007adc88000,0x00000007add00000)
  to   space 512K, 0% used [0x00000007add00000,0x00000007add00000,0x00000007add80000)
 ParOldGen       total 429056K, used 17118K [0x000000054de00000, 0x0000000568100000, 0x00000006ef500000)
  object space 429056K, 3% used [0x000000054de00000,0x000000054eeb79d0,0x0000000568100000)
 Metaspace       used 5611K, capacity 5772K, committed 6016K, reserved 1056768K
  class space    used 567K, capacity 600K, committed 640K, reserved 1048576K
}
Event: 1140,976 GC heap before
{Heap before GC invocations=1986 (full 0):
 PSYoungGen      total 2236416K, used 2235936K [0x00000006ef500000, 0x00000007add80000, 0x00000007c0000000)
  eden space 2235904K, 100% used [0x00000006ef500000,0x0000000777c80000,0x0000000777c80000)
  from space 512K, 6% used [0x00000007adc80000,0x00000007adc88000,0x00000007add00000)
  to   space 512K, 0% used [0x00000007add00000,0x00000007add00000,0x00000007add80000)
 ParOldGen       total 429056K, used 17118K [0x000000054de00000, 0x0000000568100000, 0x00000006ef500000)
  object space 429056K, 3% used [0x000000054de00000,0x000000054eeb79d0,0x0000000568100000)
 Metaspace       used 5611K, capacity 5772K, committed 6016K, reserved 1056768K
  class space    used 567K, capacity 600K, committed 640K, reserved 1048576K
Event: 1141,042 GC heap after
Heap after GC invocations=1986 (full 0):
 PSYoungGen      total 2683904K, used 32K [0x00000006ef500000, 0x00000007add80000, 0x00000007c0000000)
  eden space 2683392K, 0% used [0x00000006ef500000,0x00000006ef500000,0x0000000793180000)
  from space 512K, 6% used [0x00000007add00000,0x00000007add08000,0x00000007add80000)
  to   space 512K, 0% used [0x00000007adc80000,0x00000007adc80000,0x00000007add00000)
 ParOldGen       total 429056K, used 17126K [0x000000054de00000, 0x0000000568100000, 0x00000006ef500000)
  object space 429056K, 3% used [0x000000054de00000,0x000000054eeb99d0,0x0000000568100000)
 Metaspace       used 5611K, capacity 5772K, committed 6016K, reserved 1056768K
  class space    used 567K, capacity 600K, committed 640K, reserved 1048576K
}
Event: 1143,446 GC heap before
{Heap before GC invocations=1987 (full 0):
 PSYoungGen      total 2683904K, used 2683424K [0x00000006ef500000, 0x00000007add80000, 0x00000007c0000000)
  eden space 2683392K, 100% used [0x00000006ef500000,0x0000000793180000,0x0000000793180000)
  from space 512K, 6% used [0x00000007add00000,0x00000007add08000,0x00000007add80000)
  to   space 512K, 0% used [0x00000007adc80000,0x00000007adc80000,0x00000007add00000)
 ParOldGen       total 429056K, used 17126K [0x000000054de00000, 0x0000000568100000, 0x00000006ef500000)
  object space 429056K, 3% used [0x000000054de00000,0x000000054eeb99d0,0x0000000568100000)
 Metaspace       used 5611K, capacity 5772K, committed 6016K, reserved 1056768K
  class space    used 567K, capacity 600K, committed 640K, reserved 1048576K
Event: 1143,471 GC heap after
Heap after GC invocations=1987 (full 0):
 PSYoungGen      total 3121152K, used 32K [0x00000006ef500000, 0x00000007b3f00000, 0x00000007c0000000)
  eden space 3120640K, 0% used [0x00000006ef500000,0x00000006ef500000,0x00000007adc80000)
  from space 512K, 6% used [0x00000007adc80000,0x00000007adc88000,0x00000007add00000)
  to   space 512K, 0% used [0x00000007b3e80000,0x00000007b3e80000,0x00000007b3f00000)
 ParOldGen       total 429056K, used 17134K [0x000000054de00000, 0x0000000568100000, 0x00000006ef500000)
  object space 429056K, 3% used [0x000000054de00000,0x000000054eebb9d0,0x0000000568100000)
 Metaspace       used 5611K, capacity 5772K, committed 6016K, reserved 1056768K
  class space    used 567K, capacity 600K, committed 640K, reserved 1048576K
}
Event: 1145,816 GC heap before
{Heap before GC invocations=1988 (full 0):
 PSYoungGen      total 3121152K, used 3120672K [0x00000006ef500000, 0x00000007b3f00000, 0x00000007c0000000)
  eden space 3120640K, 100% used [0x00000006ef500000,0x00000007adc80000,0x00000007adc80000)
  from space 512K, 6% used [0x00000007adc80000,0x00000007adc88000,0x00000007add00000)
  to   space 512K, 0% used [0x00000007b3e80000,0x00000007b3e80000,0x00000007b3f00000)
 ParOldGen       total 429056K, used 17134K [0x000000054de00000, 0x0000000568100000, 0x00000006ef500000)
  object space 429056K, 3% used [0x000000054de00000,0x000000054eebb9d0,0x0000000568100000)
 Metaspace       used 5611K, capacity 5772K, committed 6016K, reserved 1056768K
  class space    used 567K, capacity 600K, committed 640K, reserved 1048576K

