# JRE version: OpenJDK Runtime Environment (8.0_91-b14) (build 1.8.0_91-8u91-b14-0ubuntu4~16.04.1-b14)
# Java VM: OpenJDK 64-Bit Server VM (25.91-b14 mixed mode linux-amd64 compressed oops)
Heap:
 PSYoungGen      total 3258880K, used 32K [0x00000006ef500000, 0x00000007b7580000, 0x00000007c0000000)
  eden space 3258368K, 0% used [0x00000006ef500000,0x00000006ef500000,0x00000007b6300000)
  from space 512K, 6% used [0x00000007b7480000,0x00000007b7488000,0x00000007b7500000)
  to   space 512K, 0% used [0x00000007b7500000,0x00000007b7500000,0x00000007b7580000)
 ParOldGen       total 429056K, used 4170K [0x000000054de00000, 0x0000000568100000, 0x00000006ef500000)
  object space 429056K, 0% used [0x000000054de00000,0x000000054e2129c0,0x0000000568100000)
 Metaspace       used 5615K, capacity 5772K, committed 6016K, reserved 1056768K
  class space    used 567K, capacity 600K, committed 640K, reserved 1048576K
GC Heap History (10 events):
Event: 271,457 GC heap after
Heap after GC invocations=376 (full 0):
 PSYoungGen      total 1571328K, used 32K [0x00000006ef500000, 0x00000007b7580000, 0x00000007c0000000)
  eden space 1570816K, 0% used [0x00000006ef500000,0x00000006ef500000,0x000000074f300000)
  from space 512K, 6% used [0x00000007b7500000,0x00000007b7508000,0x00000007b7580000)
  to   space 512K, 0% used [0x00000007b7480000,0x00000007b7480000,0x00000007b7500000)
 ParOldGen       total 429056K, used 4130K [0x000000054de00000, 0x0000000568100000, 0x00000006ef500000)
  object space 429056K, 0% used [0x000000054de00000,0x000000054e2089c0,0x0000000568100000)
 Metaspace       used 5615K, capacity 5772K, committed 6016K, reserved 1056768K
  class space    used 567K, capacity 600K, committed 640K, reserved 1048576K
}
Event: 272,802 GC heap before
{Heap before GC invocations=377 (full 0):
 PSYoungGen      total 1571328K, used 1570848K [0x00000006ef500000, 0x00000007b7580000, 0x00000007c0000000)
  eden space 1570816K, 100% used [0x00000006ef500000,0x000000074f300000,0x000000074f300000)
  from space 512K, 6% used [0x00000007b7500000,0x00000007b7508000,0x00000007b7580000)
  to   space 512K, 0% used [0x00000007b7480000,0x00000007b7480000,0x00000007b7500000)
 ParOldGen       total 429056K, used 4130K [0x000000054de00000, 0x0000000568100000, 0x00000006ef500000)
  object space 429056K, 0% used [0x000000054de00000,0x000000054e2089c0,0x0000000568100000)
 Metaspace       used 5615K, capacity 5772K, committed 6016K, reserved 1056768K
  class space    used 567K, capacity 600K, committed 640K, reserved 1048576K
Event: 272,843 GC heap after
Heap after GC invocations=377 (full 0):
 PSYoungGen      total 1885696K, used 32K [0x00000006ef500000, 0x00000007b7580000, 0x00000007c0000000)
  eden space 1885184K, 0% used [0x00000006ef500000,0x00000006ef500000,0x0000000762600000)
  from space 512K, 6% used [0x00000007b7480000,0x00000007b7488000,0x00000007b7500000)
  to   space 512K, 0% used [0x00000007b7500000,0x00000007b7500000,0x00000007b7580000)
 ParOldGen       total 429056K, used 4138K [0x000000054de00000, 0x0000000568100000, 0x00000006ef500000)
  object space 429056K, 0% used [0x000000054de00000,0x000000054e20a9c0,0x0000000568100000)
 Metaspace       used 5615K, capacity 5772K, committed 6016K, reserved 1056768K
  class space    used 567K, capacity 600K, committed 640K, reserved 1048576K
}
Event: 274,458 GC heap before
{Heap before GC invocations=378 (full 0):
 PSYoungGen      total 1885696K, used 1885216K [0x00000006ef500000, 0x00000007b7580000, 0x00000007c0000000)
  eden space 1885184K, 100% used [0x00000006ef500000,0x0000000762600000,0x0000000762600000)
  from space 512K, 6% used [0x00000007b7480000,0x00000007b7488000,0x00000007b7500000)
  to   space 512K, 0% used [0x00000007b7500000,0x00000007b7500000,0x00000007b7580000)
 ParOldGen       total 429056K, used 4138K [0x000000054de00000, 0x0000000568100000, 0x00000006ef500000)
  object space 429056K, 0% used [0x000000054de00000,0x000000054e20a9c0,0x0000000568100000)
 Metaspace       used 5615K, capacity 5772K, committed 6016K, reserved 1056768K
  class space    used 567K, capacity 600K, committed 640K, reserved 1048576K
Event: 274,492 GC heap after
Heap after GC invocations=378 (full 0):
 PSYoungGen      total 2263040K, used 32K [0x00000006ef500000, 0x00000007b7580000, 0x00000007c0000000)
  eden space 2262528K, 0% used [0x00000006ef500000,0x00000006ef500000,0x0000000779680000)
  from space 512K, 6% used [0x00000007b7500000,0x00000007b7508000,0x00000007b7580000)
  to   space 512K, 0% used [0x00000007b7480000,0x00000007b7480000,0x00000007b7500000)
 ParOldGen       total 429056K, used 4146K [0x000000054de00000, 0x0000000568100000, 0x00000006ef500000)
  object space 429056K, 0% used [0x000000054de00000,0x000000054e20c9c0,0x0000000568100000)
 Metaspace       used 5615K, capacity 5772K, committed 6016K, reserved 1056768K
  class space    used 567K, capacity 600K, committed 640K, reserved 1048576K
}
Event: 276,412 GC heap before
{Heap before GC invocations=379 (full 0):
 PSYoungGen      total 2263040K, used 2262560K [0x00000006ef500000, 0x00000007b7580000, 0x00000007c0000000)
  eden space 2262528K, 100% used [0x00000006ef500000,0x0000000779680000,0x0000000779680000)
  from space 512K, 6% used [0x00000007b7500000,0x00000007b7508000,0x00000007b7580000)
  to   space 512K, 0% used [0x00000007b7480000,0x00000007b7480000,0x00000007b7500000)
 ParOldGen       total 429056K, used 4146K [0x000000054de00000, 0x0000000568100000, 0x00000006ef500000)
  object space 429056K, 0% used [0x000000054de00000,0x000000054e20c9c0,0x0000000568100000)
 Metaspace       used 5615K, capacity 5772K, committed 6016K, reserved 1056768K
  class space    used 567K, capacity 600K, committed 640K, reserved 1048576K
Event: 276,415 GC heap after
Heap after GC invocations=379 (full 0):
 PSYoungGen      total 2715648K, used 32K [0x00000006ef500000, 0x00000007b7580000, 0x00000007c0000000)
  eden space 2715136K, 0% used [0x00000006ef500000,0x00000006ef500000,0x0000000795080000)
  from space 512K, 6% used [0x00000007b7480000,0x00000007b7488000,0x00000007b7500000)
  to   space 512K, 0% used [0x00000007b7500000,0x00000007b7500000,0x00000007b7580000)
 ParOldGen       total 429056K, used 4154K [0x000000054de00000, 0x0000000568100000, 0x00000006ef500000)
  object space 429056K, 0% used [0x000000054de00000,0x000000054e20e9c0,0x0000000568100000)
 Metaspace       used 5615K, capacity 5772K, committed 6016K, reserved 1056768K
  class space    used 567K, capacity 600K, committed 640K, reserved 1048576K
}
Event: 278,757 GC heap before
{Heap before GC invocations=380 (full 0):
 PSYoungGen      total 2715648K, used 2715168K [0x00000006ef500000, 0x00000007b7580000, 0x00000007c0000000)
  eden space 2715136K, 100% used [0x00000006ef500000,0x0000000795080000,0x0000000795080000)
  from space 512K, 6% used [0x00000007b7480000,0x00000007b7488000,0x00000007b7500000)
  to   space 512K, 0% used [0x00000007b7500000,0x00000007b7500000,0x00000007b7580000)
 ParOldGen       total 429056K, used 4154K [0x000000054de00000, 0x0000000568100000, 0x00000006ef500000)
  object space 429056K, 0% used [0x000000054de00000,0x000000054e20e9c0,0x0000000568100000)
 Metaspace       used 5615K, capacity 5772K, committed 6016K, reserved 1056768K
  class space    used 567K, capacity 600K, committed 640K, reserved 1048576K
Event: 278,767 GC heap after
Heap after GC invocations=380 (full 0):
 PSYoungGen      total 3258880K, used 64K [0x00000006ef500000, 0x00000007b7580000, 0x00000007c0000000)
  eden space 3258368K, 0% used [0x00000006ef500000,0x00000006ef500000,0x00000007b6300000)
  from space 512K, 12% used [0x00000007b7500000,0x00000007b7510000,0x00000007b7580000)
  to   space 512K, 0% used [0x00000007b7480000,0x00000007b7480000,0x00000007b7500000)
 ParOldGen       total 429056K, used 4162K [0x000000054de00000, 0x0000000568100000, 0x00000006ef500000)
  object space 429056K, 0% used [0x000000054de00000,0x000000054e2109c0,0x0000000568100000)
 Metaspace       used 5615K, capacity 5772K, committed 6016K, reserved 1056768K
  class space    used 567K, capacity 600K, committed 640K, reserved 1048576K
}
Event: 281,310 GC heap before
{Heap before GC invocations=381 (full 0):
 PSYoungGen      total 3258880K, used 3258432K [0x00000006ef500000, 0x00000007b7580000, 0x00000007c0000000)
  eden space 3258368K, 100% used [0x00000006ef500000,0x00000007b6300000,0x00000007b6300000)
  from space 512K, 12% used [0x00000007b7500000,0x00000007b7510000,0x00000007b7580000)
  to   space 512K, 0% used [0x00000007b7480000,0x00000007b7480000,0x00000007b7500000)
 ParOldGen       total 429056K, used 4162K [0x000000054de00000, 0x0000000568100000, 0x00000006ef500000)
  object space 429056K, 0% used [0x000000054de00000,0x000000054e2109c0,0x0000000568100000)
 Metaspace       used 5615K, capacity 5772K, committed 6016K, reserved 1056768K
  class space    used 567K, capacity 600K, committed 640K, reserved 1048576K

